#
# There is insufficient memory for the Java Runtime Environment to continue.
# Native memory allocation (malloc) failed to allocate 317376 bytes for Chunk::new
# Possible reasons:
#   The system is out of physical RAM or swap space
#   The process is running with CompressedOops enabled, and the Java Heap may be blocking the growth of the native heap
# Possible solutions:
#   Reduce memory load on the system
#   Increase physical memory or swap space
#   Check if swap backing store is full
#   Decrease Java heap size (-Xmx/-Xms)
#   Decrease number of Java threads
#   Decrease Java thread stack sizes (-Xss)
#   Set larger code cache with -XX:ReservedCodeCacheSize=
#   JVM is running with Unscaled Compressed Oops mode in which the Java heap is
#     placed in the first 4GB address space. The Java Heap base address is the
#     maximum limit for the native heap growth. Please use -XX:HeapBaseMinAddress
#     to set the Java Heap base and to place the Java Heap above 4GB virtual address.
# This output file may be truncated or incomplete.
#
#  Out of Memory Error (arena.cpp:191), pid=9980, tid=18908
#
# JRE version: OpenJDK Runtime Environment Temurin-17.0.10+7 (17.0.10+7) (build 17.0.10+7)
# Java VM: OpenJDK 64-Bit Server VM Temurin-17.0.10+7 (17.0.10+7, mixed mode, tiered, compressed oops, compressed class ptrs, parallel gc, windows-amd64)
# No core dump will be written. Minidumps are not enabled by default on client versions of Windows
#

---------------  S U M M A R Y ------------

Command Line: --add-modules=ALL-SYSTEM --add-opens=java.base/java.util=ALL-UNNAMED --add-opens=java.base/java.lang=ALL-UNNAMED --add-opens=java.base/sun.nio.fs=ALL-UNNAMED -Declipse.application=org.eclipse.jdt.ls.core.id1 -Dosgi.bundles.defaultStartLevel=4 -Declipse.product=org.eclipse.jdt.ls.core.product -Djava.import.generatesMetadataFilesAtProjectRoot=false -DDetectVMInstallationsJob.disabled=true -Dfile.encoding=utf8 -XX:+UseParallelGC -XX:GCTimeRatio=4 -XX:AdaptiveSizePolicyWeight=90 -Dsun.zip.disableMemoryMapping=true -Xmx1G -Xms100m -Xlog:disable -javaagent:c:\Users\Lulika\.vscode\extensions\redhat.java-1.29.0-win32-x64\lombok\lombok-1.18.32.jar c:\Users\Lulika\.vscode\extensions\redhat.java-1.29.0-win32-x64\server\plugins\org.eclipse.equinox.launcher_1.6.800.v20240304-1850.jar -configuration c:\Users\Lulika\AppData\Roaming\Code\User\globalStorage\redhat.java\1.29.0\config_ss_win -data c:\Users\Lulika\AppData\Roaming\Code\User\workspaceStorage\511b368713b0d5ec9ad031a9e3d49a83\redhat.java\ss_ws --stdio

Host: Intel(R) Core(TM) i7-8650U CPU @ 1.90GHz, 8 cores, 15G,  Windows 10 , 64 bit Build 19041 (10.0.19041.3636)
Time: Sun Apr 14 09:19:18 2024 Jerusalem Daylight Time elapsed time: 3.184080 seconds (0d 0h 0m 3s)

---------------  T H R E A D  ---------------

Current thread (0x00000270ee0d02e0):  JavaThread "C2 CompilerThread1" daemon [_thread_in_native, id=18908, stack(0x000000e2ebb00000,0x000000e2ebc00000)]


Current CompileTask:
C2:   3184 1082       4       lombok.launch.PackageShader::apply (252 bytes)

Stack: [0x000000e2ebb00000,0x000000e2ebc00000]
Native frames: (J=compiled Java code, j=interpreted, Vv=VM code, C=native code)
V  [jvm.dll+0x67d2c9]
V  [jvm.dll+0x834afa]
V  [jvm.dll+0x8365be]
V  [jvm.dll+0x836c23]
V  [jvm.dll+0x2477ff]
V  [jvm.dll+0xac514]
V  [jvm.dll+0xacb5c]
V  [jvm.dll+0x2aed1f]
V  [jvm.dll+0x584b67]
V  [jvm.dll+0x2228a2]
V  [jvm.dll+0x222c8f]
V  [jvm.dll+0x21bdb6]
V  [jvm.dll+0x219201]
V  [jvm.dll+0x1a502d]
V  [jvm.dll+0x2290de]
V  [jvm.dll+0x2272ac]
V  [jvm.dll+0x7e9bb7]
V  [jvm.dll+0x7e3fba]
V  [jvm.dll+0x67c1b5]
C  [ucrtbase.dll+0x21bb2]
C  [KERNEL32.DLL+0x17344]
C  [ntdll.dll+0x526b1]


---------------  P R O C E S S  ---------------

Threads class SMR info:
_java_thread_list=0x00000270ee087780, length=13, elements={
0x00000270d379fbe0, 0x00000270e7637460, 0x00000270ec8b3130, 0x00000270e763d110,
0x00000270e763df90, 0x00000270ec8da140, 0x00000270ec8df0d0, 0x00000270ec8e2490,
0x00000270d385aa50, 0x00000270ec94bcc0, 0x00000270d3804f60, 0x00000270ed89ffc0,
0x00000270ee0d02e0
}

Java Threads: ( => current thread )
  0x00000270d379fbe0 JavaThread "main" [_thread_in_Java, id=19840, stack(0x000000e2ea500000,0x000000e2ea600000)]
  0x00000270e7637460 JavaThread "Reference Handler" daemon [_thread_blocked, id=11296, stack(0x000000e2ea900000,0x000000e2eaa00000)]
  0x00000270ec8b3130 JavaThread "Finalizer" daemon [_thread_blocked, id=2824, stack(0x000000e2eaa00000,0x000000e2eab00000)]
  0x00000270e763d110 JavaThread "Signal Dispatcher" daemon [_thread_blocked, id=6628, stack(0x000000e2eab00000,0x000000e2eac00000)]
  0x00000270e763df90 JavaThread "Attach Listener" daemon [_thread_blocked, id=10316, stack(0x000000e2eac00000,0x000000e2ead00000)]
  0x00000270ec8da140 JavaThread "Service Thread" daemon [_thread_blocked, id=12876, stack(0x000000e2ead00000,0x000000e2eae00000)]
  0x00000270ec8df0d0 JavaThread "Monitor Deflation Thread" daemon [_thread_blocked, id=17936, stack(0x000000e2eae00000,0x000000e2eaf00000)]
  0x00000270ec8e2490 JavaThread "C2 CompilerThread0" daemon [_thread_blocked, id=16832, stack(0x000000e2eaf00000,0x000000e2eb000000)]
  0x00000270d385aa50 JavaThread "C1 CompilerThread0" daemon [_thread_blocked, id=6668, stack(0x000000e2eb000000,0x000000e2eb100000)]
  0x00000270ec94bcc0 JavaThread "Sweeper thread" daemon [_thread_blocked, id=21640, stack(0x000000e2eb100000,0x000000e2eb200000)]
  0x00000270d3804f60 JavaThread "Common-Cleaner" daemon [_thread_blocked, id=21164, stack(0x000000e2eb200000,0x000000e2eb300000)]
  0x00000270ed89ffc0 JavaThread "Notification Thread" daemon [_thread_blocked, id=18768, stack(0x000000e2eb300000,0x000000e2eb400000)]
=>0x00000270ee0d02e0 JavaThread "C2 CompilerThread1" daemon [_thread_in_native, id=18908, stack(0x000000e2ebb00000,0x000000e2ebc00000)]

Other Threads:
  0x00000270d3852690 VMThread "VM Thread" [stack: 0x000000e2ea800000,0x000000e2ea900000] [id=20156]
  0x00000270ecb37470 WatcherThread [stack: 0x000000e2eb400000,0x000000e2eb500000] [id=21796]
  0x00000270d37b6ac0 GCTaskThread "GC Thread#0" [stack: 0x000000e2ea700000,0x000000e2ea800000] [id=16172]
  0x00000270edb8ee80 GCTaskThread "GC Thread#1" [stack: 0x000000e2eb500000,0x000000e2eb600000] [id=18732]
  0x00000270ed901c40 GCTaskThread "GC Thread#2" [stack: 0x000000e2eb600000,0x000000e2eb700000] [id=20272]
  0x00000270ed901f00 GCTaskThread "GC Thread#3" [stack: 0x000000e2eb700000,0x000000e2eb800000] [id=8032]
  0x00000270edcd7f50 GCTaskThread "GC Thread#4" [stack: 0x000000e2eb800000,0x000000e2eb900000] [id=21056]
  0x00000270edcd8210 GCTaskThread "GC Thread#5" [stack: 0x000000e2eb900000,0x000000e2eba00000] [id=2856]
  0x00000270ecad48e0 GCTaskThread "GC Thread#6" [stack: 0x000000e2eba00000,0x000000e2ebb00000] [id=4896]

Threads with active compile tasks:
C2 CompilerThread1     3242 1082       4       lombok.launch.PackageShader::apply (252 bytes)

VM state: not at safepoint (normal execution)

VM Mutex/Monitor currently owned by a thread: None

Heap address: 0x00000000c0000000, size: 1024 MB, Compressed Oops mode: 32-bit

CDS archive(s) not mapped
Compressed class space mapped at: 0x0000000100000000-0x0000000140000000, reserved size: 1073741824
Narrow klass base: 0x0000000000000000, Narrow klass shift: 3, Narrow klass range: 0x140000000

GC Precious Log:
 CPUs: 8 total, 8 available
 Memory: 16301M
 Large Page Support: Disabled
 NUMA Support: Disabled
 Compressed Oops: Enabled (32-bit)
 Alignments: Space 512K, Generation 512K, Heap 2M
 Heap Min Capacity: 100M
 Heap Initial Capacity: 100M
 Heap Max Capacity: 1G
 Pre-touch: Disabled
 Parallel Workers: 8

Heap:
 PSYoungGen      total 29696K, used 9870K [0x00000000eab00000, 0x00000000ecc00000, 0x0000000100000000)
  eden space 25600K, 26% used [0x00000000eab00000,0x00000000eb18e848,0x00000000ec400000)
  from space 4096K, 77% used [0x00000000ec400000,0x00000000ec715298,0x00000000ec800000)
  to   space 4096K, 0% used [0x00000000ec800000,0x00000000ec800000,0x00000000ecc00000)
 ParOldGen       total 68608K, used 16K [0x00000000c0000000, 0x00000000c4300000, 0x00000000eab00000)
  object space 68608K, 0% used [0x00000000c0000000,0x00000000c0004000,0x00000000c4300000)
 Metaspace       used 12096K, committed 12288K, reserved 1114112K
  class space    used 1186K, committed 1280K, reserved 1048576K

Card table byte_map: [0x00000270d3140000,0x00000270d3350000] _byte_map_base: 0x00000270d2b40000

Marking Bits: (ParMarkBitMap*) 0x00007ffffd5dd7d0
 Begin Bits: [0x00000270e5440000, 0x00000270e6440000)
 End Bits:   [0x00000270e6440000, 0x00000270e7440000)

Polling page: 0x00000270d15c0000

Metaspace:

Usage:
  Non-class:     10.65 MB used.
      Class:      1.16 MB used.
       Both:     11.81 MB used.

Virtual space:
  Non-class space:       64.00 MB reserved,      10.75 MB ( 17%) committed,  1 nodes.
      Class space:        1.00 GB reserved,       1.25 MB ( <1%) committed,  1 nodes.
             Both:        1.06 GB reserved,      12.00 MB (  1%) committed. 

Chunk freelists:
   Non-Class:  4.42 MB
       Class:  14.61 MB
        Both:  19.03 MB

MaxMetaspaceSize: unlimited
CompressedClassSpaceSize: 1.00 GB
Initial GC threshold: 21.00 MB
Current GC threshold: 21.00 MB
CDS: off
MetaspaceReclaimPolicy: balanced
 - commit_granule_bytes: 65536.
 - commit_granule_words: 8192.
 - virtual_space_node_default_size: 8388608.
 - enlarge_chunks_in_place: 1.
 - new_chunks_are_fully_committed: 0.
 - uncommit_free_chunks: 1.
 - use_allocation_guard: 0.
 - handle_deallocations: 1.


Internal statistics:

num_allocs_failed_limit: 0.
num_arena_births: 30.
num_arena_deaths: 0.
num_vsnodes_births: 2.
num_vsnodes_deaths: 0.
num_space_committed: 192.
num_space_uncommitted: 0.
num_chunks_returned_to_freelist: 0.
num_chunks_taken_from_freelist: 136.
num_chunk_merges: 0.
num_chunk_splits: 94.
num_chunks_enlarged: 82.
num_inconsistent_stats: 0.

CodeHeap 'non-profiled nmethods': size=120000Kb used=470Kb max_used=470Kb free=119530Kb
 bounds [0x00000270ddf10000, 0x00000270de180000, 0x00000270e5440000]
CodeHeap 'profiled nmethods': size=120000Kb used=1972Kb max_used=1972Kb free=118027Kb
 bounds [0x00000270d6440000, 0x00000270d66b0000, 0x00000270dd970000]
CodeHeap 'non-nmethods': size=5760Kb used=1145Kb max_used=1183Kb free=4615Kb
 bounds [0x00000270dd970000, 0x00000270ddbe0000, 0x00000270ddf10000]
 total_blobs=1540 nmethods=1102 adapters=353
 compilation: enabled
              stopped_count=0, restarted_count=0
 full_count=0

Compilation events (20 events):
Event: 3.140 Thread 0x00000270d385aa50 1075       3       java.net.URLStreamHandler::setURL (159 bytes)
Event: 3.143 Thread 0x00000270d385aa50 nmethod 1075 0x00000270d661a890 code [0x00000270d661ac20, 0x00000270d661c188]
Event: 3.143 Thread 0x00000270d385aa50 1080       3       java.net.URL::toString (5 bytes)
Event: 3.143 Thread 0x00000270d385aa50 nmethod 1080 0x00000270d661ca90 code [0x00000270d661cc40, 0x00000270d661ce68]
Event: 3.144 Thread 0x00000270d385aa50 1081       3       sun.net.util.IPAddressUtil::checkHostString (54 bytes)
Event: 3.146 Thread 0x00000270d385aa50 nmethod 1081 0x00000270d661cf90 code [0x00000270d661d240, 0x00000270d661ddc8]
Event: 3.146 Thread 0x00000270ee0d02e0 nmethod 1065 0x00000270ddf7eb10 code [0x00000270ddf7ece0, 0x00000270ddf7f630]
Event: 3.147 Thread 0x00000270ee0d02e0 1082       4       lombok.launch.PackageShader::apply (252 bytes)
Event: 3.160 Thread 0x00000270d385aa50 1083       3       org.lombokweb.asm.ClassReader::readUnsignedShort (26 bytes)
Event: 3.160 Thread 0x00000270d385aa50 nmethod 1083 0x00000270d661e210 code [0x00000270d661e3a0, 0x00000270d661e518]
Event: 3.166 Thread 0x00000270d385aa50 1084       3       java.lang.ClassLoader::defineClass (43 bytes)
Event: 3.167 Thread 0x00000270d385aa50 nmethod 1084 0x00000270d661e610 code [0x00000270d661e800, 0x00000270d661ecf8]
Event: 3.167 Thread 0x00000270d385aa50 1085       3       java.lang.ClassLoader::preDefineClass (118 bytes)
Event: 3.170 Thread 0x00000270d385aa50 nmethod 1085 0x00000270d661ef90 code [0x00000270d661f300, 0x00000270d66205b8]
Event: 3.170 Thread 0x00000270d385aa50 1086   !   3       java.lang.ClassLoader::addClass (27 bytes)
Event: 3.171 Thread 0x00000270d385aa50 nmethod 1086 0x00000270d6620c90 code [0x00000270d6620e60, 0x00000270d66213c8]
Event: 3.171 Thread 0x00000270d385aa50 1087       3       java.lang.ClassLoader::getNamedPackage (73 bytes)
Event: 3.172 Thread 0x00000270d385aa50 nmethod 1087 0x00000270d6621710 code [0x00000270d6621900, 0x00000270d6621e48]
Event: 3.173 Thread 0x00000270d385aa50 1088       3       java.io.WinNTFileSystem::normalizePrefix (132 bytes)
Event: 3.179 Thread 0x00000270d385aa50 nmethod 1088 0x00000270d6622010 code [0x00000270d6622440, 0x00000270d66244c8]

GC Heap History (2 events):
Event: 2.978 GC heap before
{Heap before GC invocations=1 (full 0):
 PSYoungGen      total 29696K, used 25600K [0x00000000eab00000, 0x00000000ecc00000, 0x0000000100000000)
  eden space 25600K, 100% used [0x00000000eab00000,0x00000000ec400000,0x00000000ec400000)
  from space 4096K, 0% used [0x00000000ec800000,0x00000000ec800000,0x00000000ecc00000)
  to   space 4096K, 0% used [0x00000000ec400000,0x00000000ec400000,0x00000000ec800000)
 ParOldGen       total 68608K, used 0K [0x00000000c0000000, 0x00000000c4300000, 0x00000000eab00000)
  object space 68608K, 0% used [0x00000000c0000000,0x00000000c0000000,0x00000000c4300000)
 Metaspace       used 11000K, committed 11200K, reserved 1114112K
  class space    used 1096K, committed 1216K, reserved 1048576K
}
Event: 2.990 GC heap after
{Heap after GC invocations=1 (full 0):
 PSYoungGen      total 29696K, used 3156K [0x00000000eab00000, 0x00000000ecc00000, 0x0000000100000000)
  eden space 25600K, 0% used [0x00000000eab00000,0x00000000eab00000,0x00000000ec400000)
  from space 4096K, 77% used [0x00000000ec400000,0x00000000ec715298,0x00000000ec800000)
  to   space 4096K, 0% used [0x00000000ec800000,0x00000000ec800000,0x00000000ecc00000)
 ParOldGen       total 68608K, used 16K [0x00000000c0000000, 0x00000000c4300000, 0x00000000eab00000)
  object space 68608K, 0% used [0x00000000c0000000,0x00000000c0004000,0x00000000c4300000)
 Metaspace       used 11000K, committed 11200K, reserved 1114112K
  class space    used 1096K, committed 1216K, reserved 1048576K
}

Dll operation events (8 events):
Event: 0.020 Loaded shared library c:\Users\Lulika\.vscode\extensions\redhat.java-1.29.0-win32-x64\jre\17.0.10-win32-x86_64\bin\java.dll
Event: 0.767 Loaded shared library c:\Users\Lulika\.vscode\extensions\redhat.java-1.29.0-win32-x64\jre\17.0.10-win32-x86_64\bin\zip.dll
Event: 0.776 Loaded shared library C:\Users\Lulika\.vscode\extensions\redhat.java-1.29.0-win32-x64\jre\17.0.10-win32-x86_64\bin\instrument.dll
Event: 0.818 Loaded shared library C:\Users\Lulika\.vscode\extensions\redhat.java-1.29.0-win32-x64\jre\17.0.10-win32-x86_64\bin\net.dll
Event: 0.845 Loaded shared library C:\Users\Lulika\.vscode\extensions\redhat.java-1.29.0-win32-x64\jre\17.0.10-win32-x86_64\bin\nio.dll
Event: 0.913 Loaded shared library C:\Users\Lulika\.vscode\extensions\redhat.java-1.29.0-win32-x64\jre\17.0.10-win32-x86_64\bin\zip.dll
Event: 0.969 Loaded shared library C:\Users\Lulika\.vscode\extensions\redhat.java-1.29.0-win32-x64\jre\17.0.10-win32-x86_64\bin\jimage.dll
Event: 1.337 Loaded shared library c:\Users\Lulika\.vscode\extensions\redhat.java-1.29.0-win32-x64\jre\17.0.10-win32-x86_64\bin\verify.dll

Deoptimization events (20 events):
Event: 2.850 Thread 0x00000270d379fbe0 DEOPT PACKING pc=0x00000270ddf59708 sp=0x000000e2ea5fe450
Event: 2.850 Thread 0x00000270d379fbe0 DEOPT UNPACKING pc=0x00000270dd9c66a3 sp=0x000000e2ea5fe368 mode 2
Event: 2.850 Thread 0x00000270d379fbe0 Uncommon trap: trap_request=0xffffffde fr.pc=0x00000270ddf499dc relative=0x000000000000057c
Event: 2.850 Thread 0x00000270d379fbe0 Uncommon trap: reason=class_check action=maybe_recompile pc=0x00000270ddf499dc method=java.util.Collections$UnmodifiableCollection$1.<init>(Ljava/util/Collections$UnmodifiableCollection;)V @ 17 c2
Event: 2.850 Thread 0x00000270d379fbe0 DEOPT PACKING pc=0x00000270ddf499dc sp=0x000000e2ea5fe410
Event: 2.850 Thread 0x00000270d379fbe0 DEOPT UNPACKING pc=0x00000270dd9c66a3 sp=0x000000e2ea5fe358 mode 2
Event: 2.850 Thread 0x00000270d379fbe0 Uncommon trap: trap_request=0xffffff45 fr.pc=0x00000270ddf58418 relative=0x0000000000000098
Event: 2.850 Thread 0x00000270d379fbe0 Uncommon trap: reason=unstable_if action=reinterpret pc=0x00000270ddf58418 method=java.util.HashMap.hash(Ljava/lang/Object;)I @ 1 c2
Event: 2.850 Thread 0x00000270d379fbe0 DEOPT PACKING pc=0x00000270ddf58418 sp=0x000000e2ea5fe2c0
Event: 2.850 Thread 0x00000270d379fbe0 DEOPT UNPACKING pc=0x00000270dd9c66a3 sp=0x000000e2ea5fe258 mode 2
Event: 3.143 Thread 0x00000270d379fbe0 Uncommon trap: trap_request=0xffffff45 fr.pc=0x00000270ddf4e940 relative=0x0000000000001080
Event: 3.143 Thread 0x00000270d379fbe0 Uncommon trap: reason=unstable_if action=reinterpret pc=0x00000270ddf4e940 method=lombok.patcher.PatchScript.classMatches(Ljava/lang/String;Ljava/util/Collection;)Z @ 25 c2
Event: 3.143 Thread 0x00000270d379fbe0 DEOPT PACKING pc=0x00000270ddf4e940 sp=0x000000e2ea5f85e0
Event: 3.143 Thread 0x00000270d379fbe0 DEOPT UNPACKING pc=0x00000270dd9c66a3 sp=0x000000e2ea5f8548 mode 2
Event: 3.146 Thread 0x00000270d379fbe0 DEOPT PACKING pc=0x00000270d64b70c5 sp=0x000000e2ea5f7a80
Event: 3.146 Thread 0x00000270d379fbe0 DEOPT UNPACKING pc=0x00000270dd9c6e43 sp=0x000000e2ea5f6f30 mode 0
Event: 3.169 Thread 0x00000270d379fbe0 DEOPT PACKING pc=0x00000270d64b70c5 sp=0x000000e2ea5f3e60
Event: 3.169 Thread 0x00000270d379fbe0 DEOPT UNPACKING pc=0x00000270dd9c6e43 sp=0x000000e2ea5f3310 mode 0
Event: 3.179 Thread 0x00000270d379fbe0 DEOPT PACKING pc=0x00000270d64b70c5 sp=0x000000e2ea5f3e60
Event: 3.179 Thread 0x00000270d379fbe0 DEOPT UNPACKING pc=0x00000270dd9c6e43 sp=0x000000e2ea5f3310 mode 0

Classes unloaded (0 events):
No events

Classes redefined (0 events):
No events

Internal exceptions (20 events):
Event: 2.184 Thread 0x00000270d379fbe0 Exception <a 'java/io/FileNotFoundException'{0x00000000eb877d30}> (0x00000000eb877d30) 
thrown [s\src\hotspot\share\prims\jni.cpp, line 516]
Event: 2.185 Thread 0x00000270d379fbe0 Exception <a 'java/io/FileNotFoundException'{0x00000000eb878a20}> (0x00000000eb878a20) 
thrown [s\src\hotspot\share\prims\jni.cpp, line 516]
Event: 2.185 Thread 0x00000270d379fbe0 Exception <a 'java/io/FileNotFoundException'{0x00000000eb8796e0}> (0x00000000eb8796e0) 
thrown [s\src\hotspot\share\prims\jni.cpp, line 516]
Event: 2.210 Thread 0x00000270d379fbe0 Implicit null exception at 0x00000270ddf335f2 to 0x00000270ddf33b40
Event: 2.243 Thread 0x00000270d379fbe0 Exception <a 'java/io/FileNotFoundException'{0x00000000eb8b4228}> (0x00000000eb8b4228) 
thrown [s\src\hotspot\share\prims\jni.cpp, line 516]
Event: 2.754 Thread 0x00000270d379fbe0 Exception <a 'java/lang/ClassNotFoundException'{0x00000000ec0b9180}: sun/net/www/protocol/c/Handler> (0x00000000ec0b9180) 
thrown [s\src\hotspot\share\classfile\systemDictionary.cpp, line 256]
Event: 2.754 Thread 0x00000270d379fbe0 Exception <a 'java/lang/ClassNotFoundException'{0x00000000ec0ba4f8}: sun/net/www/protocol/c/Handler> (0x00000000ec0ba4f8) 
thrown [s\src\hotspot\share\classfile\systemDictionary.cpp, line 256]
Event: 2.755 Thread 0x00000270d379fbe0 Exception <a 'java/lang/ClassNotFoundException'{0x00000000ec0bb6c0}: sun/net/www/protocol/c/Handler> (0x00000000ec0bb6c0) 
thrown [s\src\hotspot\share\classfile\systemDictionary.cpp, line 256]
Event: 2.773 Thread 0x00000270d379fbe0 Exception <a 'java/io/FileNotFoundException'{0x00000000ec0dec48}> (0x00000000ec0dec48) 
thrown [s\src\hotspot\share\prims\jni.cpp, line 516]
Event: 2.849 Thread 0x00000270d379fbe0 Implicit null exception at 0x00000270ddf71000 to 0x00000270ddf719fc
Event: 2.850 Thread 0x00000270d379fbe0 Implicit null exception at 0x00000270ddf6aeec to 0x00000270ddf6b0ec
Event: 2.850 Thread 0x00000270d379fbe0 Implicit null exception at 0x00000270ddf5948e to 0x00000270ddf596e8
Event: 2.850 Thread 0x00000270d379fbe0 Implicit null exception at 0x00000270ddf5838f to 0x00000270ddf58409
Event: 2.953 Thread 0x00000270d379fbe0 Exception <a 'java/lang/NoSuchMethodError'{0x00000000ec3b3a78}: 'int java.lang.invoke.DirectMethodHandle$Holder.invokeStaticInit(java.lang.Object, java.lang.Object, java.lang.Object, java.lang.Object)'> (0x00000000ec3b3a78) 
thrown [s\src\hotspot\share\interpreter\linkResolver.cpp, line 759]
Event: 2.957 Thread 0x00000270d379fbe0 Exception <a 'java/lang/NoSuchMethodError'{0x00000000ec3be0e8}: 'java.lang.Object java.lang.invoke.DirectMethodHandle$Holder.invokeInterface(java.lang.Object, java.lang.Object)'> (0x00000000ec3be0e8) 
thrown [s\src\hotspot\share\interpreter\linkResolver.cpp, line 759]
Event: 2.958 Thread 0x00000270d379fbe0 Exception <a 'java/lang/IncompatibleClassChangeError'{0x00000000ec3c18e0}: Found class java.lang.Object, but interface was expected> (0x00000000ec3c18e0) 
thrown [s\src\hotspot\share\interpreter\linkResolver.cpp, line 826]
Event: 2.959 Thread 0x00000270d379fbe0 Exception <a 'java/lang/NoSuchMethodError'{0x00000000ec3c5dd0}: 'void java.lang.invoke.DirectMethodHandle$Holder.invokeStatic(java.lang.Object, java.lang.Object)'> (0x00000000ec3c5dd0) 
thrown [s\src\hotspot\share\interpreter\linkResolver.cpp, line 759]
Event: 2.960 Thread 0x00000270d379fbe0 Exception <a 'java/lang/NoSuchMethodError'{0x00000000ec3c95d0}: 'void java.lang.invoke.DirectMethodHandle$Holder.invokeStaticInit(java.lang.Object, java.lang.Object)'> (0x00000000ec3c95d0) 
thrown [s\src\hotspot\share\interpreter\linkResolver.cpp, line 759]
Event: 2.962 Thread 0x00000270d379fbe0 Exception <a 'java/lang/NoSuchMethodError'{0x00000000ec3d1d00}: 'int java.lang.invoke.DirectMethodHandle$Holder.invokeStaticInit(java.lang.Object, java.lang.Object)'> (0x00000000ec3d1d00) 
thrown [s\src\hotspot\share\interpreter\linkResolver.cpp, line 759]
Event: 3.046 Thread 0x00000270d379fbe0 Exception <a 'java/lang/NoSuchMethodError'{0x00000000eabfa3d0}: 'void java.lang.invoke.DirectMethodHandle$Holder.invokeSpecial(java.lang.Object, java.lang.Object, java.lang.Object)'> (0x00000000eabfa3d0) 
thrown [s\src\hotspot\share\interpreter\linkResolver.cpp, line 759]

VM Operations (14 events):
Event: 0.691 Executing VM operation: HandshakeAllThreads
Event: 0.691 Executing VM operation: HandshakeAllThreads done
Event: 1.081 Executing VM operation: HandshakeAllThreads
Event: 1.082 Executing VM operation: HandshakeAllThreads done
Event: 2.088 Executing VM operation: Cleanup
Event: 2.089 Executing VM operation: Cleanup done
Event: 2.093 Executing VM operation: HandshakeAllThreads
Event: 2.094 Executing VM operation: HandshakeAllThreads done
Event: 2.158 Executing VM operation: HandshakeAllThreads
Event: 2.158 Executing VM operation: HandshakeAllThreads done
Event: 2.716 Executing VM operation: HandshakeAllThreads
Event: 2.716 Executing VM operation: HandshakeAllThreads done
Event: 2.978 Executing VM operation: ParallelGCFailedAllocation
Event: 2.990 Executing VM operation: ParallelGCFailedAllocation done

Events (20 events):
Event: 3.080 loading class java/util/concurrent/SynchronousQueue done
Event: 3.080 loading class java/util/concurrent/SynchronousQueue$TransferStack
Event: 3.081 loading class java/util/concurrent/SynchronousQueue$Transferer
Event: 3.081 loading class java/util/concurrent/SynchronousQueue$Transferer done
Event: 3.081 loading class java/util/concurrent/SynchronousQueue$TransferStack done
Event: 3.081 loading class java/util/concurrent/SynchronousQueue$TransferStack$SNode
Event: 3.081 loading class java/util/concurrent/ForkJoinPool$ManagedBlocker
Event: 3.081 loading class java/util/concurrent/ForkJoinPool$ManagedBlocker done
Event: 3.081 loading class java/util/concurrent/SynchronousQueue$TransferStack$SNode done
Event: 3.082 loading class java/util/concurrent/RejectedExecutionHandler
Event: 3.082 loading class java/util/concurrent/RejectedExecutionHandler done
Event: 3.082 loading class java/util/concurrent/LinkedBlockingQueue
Event: 3.082 loading class java/util/concurrent/LinkedBlockingQueue done
Event: 3.082 loading class java/util/concurrent/LinkedBlockingQueue$Node
Event: 3.082 loading class java/util/concurrent/LinkedBlockingQueue$Node done
Event: 3.102 loading class java/util/concurrent/Semaphore$NonfairSync
Event: 3.102 loading class java/util/concurrent/Semaphore$Sync
Event: 3.102 loading class java/util/concurrent/Semaphore$Sync done
Event: 3.102 loading class java/util/concurrent/Semaphore$NonfairSync done
Event: 3.125 Thread 0x00000270ee0d02e0 Thread added: 0x00000270ee0d02e0


Dynamic libraries:
0x00007ff67ee90000 - 0x00007ff67ee9e000 	c:\Users\Lulika\.vscode\extensions\redhat.java-1.29.0-win32-x64\jre\17.0.10-win32-x86_64\bin\java.exe
0x00007ff868810000 - 0x00007ff868a08000 	C:\WINDOWS\SYSTEM32\ntdll.dll
0x00007ff8680f0000 - 0x00007ff8681ad000 	C:\WINDOWS\System32\KERNEL32.DLL
0x00007ff865ec0000 - 0x00007ff8661b6000 	C:\WINDOWS\System32\KERNELBASE.dll
0x00007ff866440000 - 0x00007ff866540000 	C:\WINDOWS\System32\ucrtbase.dll
0x00007ff864660000 - 0x00007ff864677000 	c:\Users\Lulika\.vscode\extensions\redhat.java-1.29.0-win32-x64\jre\17.0.10-win32-x86_64\bin\jli.dll
0x00007ff864570000 - 0x00007ff86458b000 	c:\Users\Lulika\.vscode\extensions\redhat.java-1.29.0-win32-x64\jre\17.0.10-win32-x86_64\bin\VCRUNTIME140.dll
0x00007ff866d20000 - 0x00007ff866ebe000 	C:\WINDOWS\System32\USER32.dll
0x00007ff866410000 - 0x00007ff866432000 	C:\WINDOWS\System32\win32u.dll
0x00007ff867c00000 - 0x00007ff867c2b000 	C:\WINDOWS\System32\GDI32.dll
0x00007ff850f20000 - 0x00007ff8511ba000 	C:\WINDOWS\WinSxS\amd64_microsoft.windows.common-controls_6595b64144ccf1df_6.0.19041.3636_none_60b6a03d71f818d5\COMCTL32.dll
0x00007ff866720000 - 0x00007ff866837000 	C:\WINDOWS\System32\gdi32full.dll
0x00007ff867990000 - 0x00007ff867a2e000 	C:\WINDOWS\System32\msvcrt.dll
0x00007ff8665f0000 - 0x00007ff86668d000 	C:\WINDOWS\System32\msvcp_win.dll
0x00007ff867b50000 - 0x00007ff867b82000 	C:\WINDOWS\System32\IMM32.DLL
0x00007ff8645b0000 - 0x00007ff8645bc000 	c:\Users\Lulika\.vscode\extensions\redhat.java-1.29.0-win32-x64\jre\17.0.10-win32-x86_64\bin\vcruntime140_1.dll
0x00007ff843480000 - 0x00007ff84350d000 	c:\Users\Lulika\.vscode\extensions\redhat.java-1.29.0-win32-x64\jre\17.0.10-win32-x86_64\bin\msvcp140.dll
0x00007ffffca40000 - 0x00007ffffd6a2000 	c:\Users\Lulika\.vscode\extensions\redhat.java-1.29.0-win32-x64\jre\17.0.10-win32-x86_64\bin\server\jvm.dll
0x00007ff867df0000 - 0x00007ff867ea0000 	C:\WINDOWS\System32\ADVAPI32.dll
0x00007ff866840000 - 0x00007ff8668e0000 	C:\WINDOWS\System32\sechost.dll
0x00007ff867ea0000 - 0x00007ff867fc5000 	C:\WINDOWS\System32\RPCRT4.dll
0x00007ff8661c0000 - 0x00007ff8661e7000 	C:\WINDOWS\System32\bcrypt.dll
0x00007ff865410000 - 0x00007ff86545b000 	C:\WINDOWS\SYSTEM32\POWRPROF.dll
0x00007ff84fa00000 - 0x00007ff84fa09000 	C:\WINDOWS\SYSTEM32\WSOCK32.dll
0x00007ff867fd0000 - 0x00007ff86803b000 	C:\WINDOWS\System32\WS2_32.dll
0x00007ff846ad0000 - 0x00007ff846af7000 	C:\WINDOWS\SYSTEM32\WINMM.dll
0x00007ff85d020000 - 0x00007ff85d02a000 	C:\WINDOWS\SYSTEM32\VERSION.dll
0x00007ff8652d0000 - 0x00007ff8652e2000 	C:\WINDOWS\SYSTEM32\UMPDC.dll
0x00007ff864700000 - 0x00007ff864712000 	C:\WINDOWS\SYSTEM32\kernel.appcore.dll
0x00007ff85f850000 - 0x00007ff85f85a000 	c:\Users\Lulika\.vscode\extensions\redhat.java-1.29.0-win32-x64\jre\17.0.10-win32-x86_64\bin\jimage.dll
0x00007ff863be0000 - 0x00007ff863dc4000 	C:\WINDOWS\SYSTEM32\DBGHELP.DLL
0x00007ff854770000 - 0x00007ff8547a4000 	C:\WINDOWS\SYSTEM32\dbgcore.DLL
0x00007ff866690000 - 0x00007ff866712000 	C:\WINDOWS\System32\bcryptPrimitives.dll
0x00007ff85f840000 - 0x00007ff85f84e000 	c:\Users\Lulika\.vscode\extensions\redhat.java-1.29.0-win32-x64\jre\17.0.10-win32-x86_64\bin\instrument.dll
0x00007ff84a0a0000 - 0x00007ff84a0c5000 	c:\Users\Lulika\.vscode\extensions\redhat.java-1.29.0-win32-x64\jre\17.0.10-win32-x86_64\bin\java.dll
0x00007ff850100000 - 0x00007ff850118000 	c:\Users\Lulika\.vscode\extensions\redhat.java-1.29.0-win32-x64\jre\17.0.10-win32-x86_64\bin\zip.dll
0x00007ff867220000 - 0x00007ff86798b000 	C:\WINDOWS\System32\SHELL32.dll
0x00007ff863dd0000 - 0x00007ff86456e000 	C:\WINDOWS\SYSTEM32\windows.storage.dll
0x00007ff8669a0000 - 0x00007ff866cf3000 	C:\WINDOWS\System32\combase.dll
0x00007ff8658f0000 - 0x00007ff86591e000 	C:\WINDOWS\SYSTEM32\Wldp.dll
0x00007ff867150000 - 0x00007ff86721d000 	C:\WINDOWS\System32\OLEAUT32.dll
0x00007ff867d40000 - 0x00007ff867ded000 	C:\WINDOWS\System32\SHCORE.dll
0x00007ff867ce0000 - 0x00007ff867d35000 	C:\WINDOWS\System32\shlwapi.dll
0x00007ff865df0000 - 0x00007ff865e15000 	C:\WINDOWS\SYSTEM32\profapi.dll
0x00007ff842000000 - 0x00007ff842019000 	C:\Users\Lulika\.vscode\extensions\redhat.java-1.29.0-win32-x64\jre\17.0.10-win32-x86_64\bin\net.dll
0x00007ff860a50000 - 0x00007ff860b5a000 	C:\WINDOWS\SYSTEM32\WINHTTP.dll
0x00007ff865650000 - 0x00007ff8656ba000 	C:\WINDOWS\system32\mswsock.dll
0x00007ff839e90000 - 0x00007ff839ea6000 	C:\Users\Lulika\.vscode\extensions\redhat.java-1.29.0-win32-x64\jre\17.0.10-win32-x86_64\bin\nio.dll
0x00007ff854390000 - 0x00007ff8543a0000 	c:\Users\Lulika\.vscode\extensions\redhat.java-1.29.0-win32-x64\jre\17.0.10-win32-x86_64\bin\verify.dll

dbghelp: loaded successfully - version: 4.0.5 - missing functions: none
symbol engine: initialized successfully - sym options: 0x614 - pdb path: .;c:\Users\Lulika\.vscode\extensions\redhat.java-1.29.0-win32-x64\jre\17.0.10-win32-x86_64\bin;C:\WINDOWS\SYSTEM32;C:\WINDOWS\WinSxS\amd64_microsoft.windows.common-controls_6595b64144ccf1df_6.0.19041.3636_none_60b6a03d71f818d5;c:\Users\Lulika\.vscode\extensions\redhat.java-1.29.0-win32-x64\jre\17.0.10-win32-x86_64\bin\server

VM Arguments:
jvm_args: --add-modules=ALL-SYSTEM --add-opens=java.base/java.util=ALL-UNNAMED --add-opens=java.base/java.lang=ALL-UNNAMED --add-opens=java.base/sun.nio.fs=ALL-UNNAMED -Declipse.application=org.eclipse.jdt.ls.core.id1 -Dosgi.bundles.defaultStartLevel=4 -Declipse.product=org.eclipse.jdt.ls.core.product -Djava.import.generatesMetadataFilesAtProjectRoot=false -DDetectVMInstallationsJob.disabled=true -Dfile.encoding=utf8 -XX:+UseParallelGC -XX:GCTimeRatio=4 -XX:AdaptiveSizePolicyWeight=90 -Dsun.zip.disableMemoryMapping=true -Xmx1G -Xms100m -Xlog:disable -javaagent:c:\Users\Lulika\.vscode\extensions\redhat.java-1.29.0-win32-x64\lombok\lombok-1.18.32.jar 
java_command: c:\Users\Lulika\.vscode\extensions\redhat.java-1.29.0-win32-x64\server\plugins\org.eclipse.equinox.launcher_1.6.800.v20240304-1850.jar -configuration c:\Users\Lulika\AppData\Roaming\Code\User\globalStorage\redhat.java\1.29.0\config_ss_win -data c:\Users\Lulika\AppData\Roaming\Code\User\workspaceStorage\511b368713b0d5ec9ad031a9e3d49a83\redhat.java\ss_ws --stdio
java_class_path (initial): c:\Users\Lulika\.vscode\extensions\redhat.java-1.29.0-win32-x64\server\plugins\org.eclipse.equinox.launcher_1.6.800.v20240304-1850.jar
Launcher Type: SUN_STANDARD

[Global flags]
    uintx AdaptiveSizePolicyWeight                 = 90                                        {product} {command line}
     intx CICompilerCount                          = 4                                         {product} {ergonomic}
    uintx GCTimeRatio                              = 4                                         {product} {command line}
   size_t InitialHeapSize                          = 104857600                                 {product} {command line}
   size_t MaxHeapSize                              = 1073741824                                {product} {command line}
   size_t MaxNewSize                               = 357564416                                 {product} {ergonomic}
   size_t MinHeapDeltaBytes                        = 524288                                    {product} {ergonomic}
   size_t MinHeapSize                              = 104857600                                 {product} {command line}
   size_t NewSize                                  = 34603008                                  {product} {ergonomic}
    uintx NonNMethodCodeHeapSize                   = 5839372                                {pd product} {ergonomic}
    uintx NonProfiledCodeHeapSize                  = 122909434                              {pd product} {ergonomic}
   size_t OldSize                                  = 70254592                                  {product} {ergonomic}
    uintx ProfiledCodeHeapSize                     = 122909434                              {pd product} {ergonomic}
    uintx ReservedCodeCacheSize                    = 251658240                              {pd product} {ergonomic}
     bool SegmentedCodeCache                       = true                                      {product} {ergonomic}
   size_t SoftMaxHeapSize                          = 1073741824                             {manageable} {ergonomic}
     bool UseCompressedClassPointers               = true                           {product lp64_product} {ergonomic}
     bool UseCompressedOops                        = true                           {product lp64_product} {ergonomic}
     bool UseLargePagesIndividualAllocation        = false                                  {pd product} {ergonomic}
     bool UseParallelGC                            = true                                      {product} {command line}

Logging:
Log output configuration:
 #0: stdout all=off uptime,level,tags
 #1: stderr all=off uptime,level,tags

Environment Variables:
PATH=C:\Program Files (x86)\Common Files\Oracle\Java\javapath;C:\WINDOWS\system32;C:\WINDOWS;C:\WINDOWS\System32\Wbem;C:\WINDOWS\System32\WindowsPowerShell\v1.0\;C:\WINDOWS\System32\OpenSSH\;C:\Program Files\Git\cmd;C:\Users\Lulika\AppData\Local\Microsoft\WindowsApps;C:\Users\Lulika\AppData\Local\Programs\Microsoft VS Code\bin;C:\Program Files\Java\jdk-1.8\bin;
USERNAME=Lulika
OS=Windows_NT
PROCESSOR_IDENTIFIER=Intel64 Family 6 Model 142 Stepping 10, GenuineIntel
TMP=C:\Users\Lulika\AppData\Local\Temp
TEMP=C:\Users\Lulika\AppData\Local\Temp



Periodic native trim disabled


---------------  S Y S T E M  ---------------

OS:
 Windows 10 , 64 bit Build 19041 (10.0.19041.3636)
OS uptime: 9 days 8:17 hours

CPU: total 8 (initial active 8) (4 cores per cpu, 2 threads per core) family 6 model 142 stepping 10 microcode 0xf0, cx8, cmov, fxsr, ht, mmx, 3dnowpref, sse, sse2, sse3, ssse3, sse4.1, sse4.2, popcnt, lzcnt, tsc, tscinvbit, avx, avx2, aes, erms, clmul, bmi1, bmi2, rtm, adx, fma, vzeroupper, clflush, clflushopt
Processor Information for processor 0
  Max Mhz: 2112, Current Mhz: 1408, Mhz Limit: 1900
Processor Information for processor 1
  Max Mhz: 2112, Current Mhz: 1910, Mhz Limit: 1900
Processor Information for processor 2
  Max Mhz: 2112, Current Mhz: 1910, Mhz Limit: 1900
Processor Information for processor 3
  Max Mhz: 2112, Current Mhz: 1408, Mhz Limit: 1900
Processor Information for processor 4
  Max Mhz: 2112, Current Mhz: 1408, Mhz Limit: 1900
Processor Information for processor 5
  Max Mhz: 2112, Current Mhz: 1910, Mhz Limit: 1900
Processor Information for processor 6
  Max Mhz: 2112, Current Mhz: 1408, Mhz Limit: 1900
Processor Information for processor 7
  Max Mhz: 2112, Current Mhz: 1408, Mhz Limit: 1900

Memory: 4k page, system-wide physical 16301M (5645M free)
TotalPageFile size 34923M (AvailPageFile size 5M)
current process WorkingSet (physical memory assigned to process): 80M, peak: 81M
current process commit charge ("private bytes"): 203M, peak: 203M

vm_info: OpenJDK 64-Bit Server VM (17.0.10+7) for windows-amd64 JRE (17.0.10+7), built on Jan 16 2024 23:25:11 by "admin" with MS VC++ 16.10 / 16.11 (VS2019)

END.
